0 info it worked if it ends with ok
1 verbose cli [ '/usr/bin/nodejs', '/usr/local/bin/npm', 'start' ]
2 info using npm@3.9.0
3 info using node@v6.2.0
4 verbose run-script [ 'prestart', 'start', 'poststart' ]
5 info lifecycle task_maneger_api@1.0.0~prestart: task_maneger_api@1.0.0
6 silly lifecycle task_maneger_api@1.0.0~prestart: no script for prestart, continuing
7 info lifecycle task_maneger_api@1.0.0~start: task_maneger_api@1.0.0
8 verbose lifecycle task_maneger_api@1.0.0~start: unsafe-perm in lifecycle true
9 verbose lifecycle task_maneger_api@1.0.0~start: PATH: /usr/local/lib/node_modules/npm/bin/node-gyp-bin:/home/francisco/Mobillia/Task_Maneger/task_maneger_api/node_modules/.bin:/usr/bin:/home/francisco/bin:/usr/local/sbin:/usr/local/bin:/usr/sbin:/usr/bin:/sbin:/bin:/usr/games:/usr/local/games:/home/francisco/node-v0.12.7-linux-x64/bin
10 verbose lifecycle task_maneger_api@1.0.0~start: CWD: /home/francisco/Mobillia/Task_Maneger/task_maneger_api
11 silly lifecycle task_maneger_api@1.0.0~start: Args: [ '-c', 'babel-node index.js' ]
12 info lifecycle task_maneger_api@1.0.0~start: Failed to exec start script
13 verbose stack Error: task_maneger_api@1.0.0 start: `babel-node index.js`
13 verbose stack spawn ENOENT
13 verbose stack     at ChildProcess.<anonymous> (/usr/local/lib/node_modules/npm/lib/utils/spawn.js:17:16)
13 verbose stack     at emitTwo (events.js:106:13)
13 verbose stack     at ChildProcess.emit (events.js:191:7)
13 verbose stack     at maybeClose (internal/child_process.js:850:16)
13 verbose stack     at Process.ChildProcess._handle.onexit (internal/child_process.js:215:5)
14 verbose pkgid task_maneger_api@1.0.0
15 verbose cwd /home/francisco/Mobillia/Task_Maneger/task_maneger_api
16 error Linux 3.16.0-71-generic
17 error argv "/usr/bin/nodejs" "/usr/local/bin/npm" "start"
18 error node v6.2.0
19 error npm  v3.9.0
20 error file sh
21 error code ELIFECYCLE
22 error errno ENOENT
23 error syscall spawn
24 error task_maneger_api@1.0.0 start: `babel-node index.js`
24 error spawn ENOENT
25 error Failed at the task_maneger_api@1.0.0 start script 'babel-node index.js'.
25 error Make sure you have the latest version of node.js and npm installed.
25 error If you do, this is most likely a problem with the task_maneger_api package,
25 error not with npm itself.
25 error Tell the author that this fails on your system:
25 error     babel-node index.js
25 error You can get information on how to open an issue for this project with:
25 error     npm bugs task_maneger_api
25 error Or if that isn't available, you can get their info via:
25 error     npm owner ls task_maneger_api
25 error There is likely additional logging output above.
26 verbose exit [ 1, true ]
